This is pdfTeX, Version 3.141592653-2.6-1.40.27 (MiKTeX 25.4) (preloaded format=pdflatex 2025.9.26)  15 DEC 2025 20:36
entering extended mode
 restricted \write18 enabled.
 file:line:error style messages enabled.
 %&-line parsing enabled.
**"c:/Users/akadoblee/Desktop/PR√ÅCTICA 4/DOCUMENTACI√ìN/PR√ÅCTICA 4 - ADRIANO.tex"
(c:/Users/akadoblee/Desktop/PR√ÅCTICA 4/DOCUMENTACI√ìN/PR√ÅCTICA 4 - ADRIANO.tex
LaTeX2e <2025-06-01> patch level 1
L3 programming layer <2025-09-02>
(C:\Users\akadoblee\AppData\Local\Programs\MiKTeX\tex/latex/base\article.cls
Document Class: article 2025/01/22 v1.4n Standard LaTeX document class
(C:\Users\akadoblee\AppData\Local\Programs\MiKTeX\tex/latex/base\size12.clo
File: size12.clo 2025/01/22 v1.4n Standard LaTeX file (size option)
)
\c@part=\count275
\c@section=\count276
\c@subsection=\count277
\c@subsubsection=\count278
\c@paragraph=\count279
\c@subparagraph=\count280
\c@figure=\count281
\c@table=\count282
\abovecaptionskip=\skip49
\belowcaptionskip=\skip50
\bibindent=\dimen148
) (C:\Users\akadoblee\AppData\Local\Programs\MiKTeX\tex/generic/babel\babel.sty
Package: babel 2025/08/03 v25.12 The multilingual framework for LuaLaTeX, pdfLaTeX and XeLaTeX
\babel@savecnt=\count283
LaTeX Encoding Info:    Redeclaring text command \ij (encoding OT1) on input line 2045.
LaTeX Encoding Info:    Redeclaring text command \IJ (encoding OT1) on input line 2047.
LaTeX Encoding Info:    Redeclaring text command \ij (encoding T1) on input line 2049.
LaTeX Encoding Info:    Redeclaring text command \IJ (encoding T1) on input line 2050.
LaTeX Encoding Info:    Ignoring declaration for text command \ij (encoding ?) on input line 2051.
LaTeX Encoding Info:    Ignoring declaration for text command \IJ (encoding ?) on input line 2053.
LaTeX Encoding Info:    Ignoring declaration for text command \SS (encoding ?) on input line 2078.
\U@D=\dimen149
\l@unhyphenated=\language79
 (C:\Users\akadoblee\AppData\Local\Programs\MiKTeX\tex/generic/babel\txtbabel.def)
\bbl@readstream=\read2
\bbl@dirlevel=\count284

*************************************
* Local config file bblopts.cfg used
*
(C:\Users\akadoblee\AppData\Local\Programs\MiKTeX\tex/latex/arabi\bblopts.cfg
File: bblopts.cfg 2005/09/08 v0.1 add Arabic and Farsi to "declared" options of babel
) (C:\Users\akadoblee\AppData\Local\Programs\MiKTeX\tex/latex/babel-spanish\spanish.ldf
Language: spanish.ldf 2021/05/27 v5.0q Spanish support from the babel system
 (C:\Users\akadoblee\AppData\Local\Programs\MiKTeX\tex/generic/babel/locale/es\babel-spanish.tex
Package babel Info: Importing font and identification data for spanish
(babel)             from babel-es.ini. Reported on input line 12.
)
\es@quottoks=\toks17
\es@quotdepth=\count285
Package babel Info: Making " an active character on input line 570.
Package babel Info: Making . an active character on input line 675.
Package babel Info: Making < an active character on input line 722.
Package babel Info: Making > an active character on input line 722.
))
LaTeX Encoding Info:    Redeclaring text command \guillemotleft (encoding OT1) on input line 3.
LaTeX Encoding Info:    Redeclaring text command \guillemotright (encoding OT1) on input line 3.
 (C:\Users\akadoblee\AppData\Local\Programs\MiKTeX\tex/latex/geometry\geometry.sty
Package: geometry 2020/01/02 v5.9 Page Geometry
 (C:\Users\akadoblee\AppData\Local\Programs\MiKTeX\tex/latex/graphics\keyval.sty
Package: keyval 2022/05/29 v1.15 key=value parser (DPC)
\KV@toks@=\toks18
) (C:\Users\akadoblee\AppData\Local\Programs\MiKTeX\tex/generic/iftex\ifvtex.sty
Package: ifvtex 2019/10/25 v1.7 ifvtex legacy package. Use iftex instead.
 (C:\Users\akadoblee\AppData\Local\Programs\MiKTeX\tex/generic/iftex\iftex.sty
Package: iftex 2024/12/12 v1.0g TeX engine tests
))
\Gm@cnth=\count286
\Gm@cntv=\count287
\c@Gm@tempcnt=\count288
\Gm@bindingoffset=\dimen150
\Gm@wd@mp=\dimen151
\Gm@odd@mp=\dimen152
\Gm@even@mp=\dimen153
\Gm@layoutwidth=\dimen154
\Gm@layoutheight=\dimen155
\Gm@layouthoffset=\dimen156
\Gm@layoutvoffset=\dimen157
\Gm@dimlist=\toks19
 (C:\Users\akadoblee\AppData\Local\Programs\MiKTeX\tex/latex/geometry\geometry.cfg)) (C:\Users\akadoblee\AppData\Local\Programs\MiKTeX\tex/latex/tools\tabularx.sty
Package: tabularx 2023/12/11 v2.12a `tabularx' package (DPC)
 (C:\Users\akadoblee\AppData\Local\Programs\MiKTeX\tex/latex/tools\array.sty
Package: array 2025/06/08 v2.6j Tabular extension package (FMi)
\col@sep=\dimen158
\ar@mcellbox=\box53
\extrarowheight=\dimen159
\NC@list=\toks20
\extratabsurround=\skip51
\backup@length=\skip52
\ar@cellbox=\box54
)
\TX@col@width=\dimen160
\TX@old@table=\dimen161
\TX@old@col=\dimen162
\TX@target=\dimen163
\TX@delta=\dimen164
\TX@cols=\count289
\TX@ftn=\toks21
) (C:\Users\akadoblee\AppData\Local\Programs\MiKTeX\tex/latex/fancyvrb\fancyvrb.sty
Package: fancyvrb 2025/07/28 4.6 verbatim text (tvz,hv)
\FV@CodeLineNo=\count290
\FV@InFile=\read3
\FV@TabBox=\box55
\c@FancyVerbLine=\count291
\FV@StepNumber=\count292
\FV@OutFile=\write3
) (C:\Users\akadoblee\AppData\Local\Programs\MiKTeX\tex/latex/graphics\graphicx.sty
Package: graphicx 2024/12/31 v1.2e Enhanced LaTeX Graphics (DPC,SPQR)
 (C:\Users\akadoblee\AppData\Local\Programs\MiKTeX\tex/latex/graphics\graphics.sty
Package: graphics 2024/08/06 v1.4g Standard LaTeX Graphics (DPC,SPQR)
 (C:\Users\akadoblee\AppData\Local\Programs\MiKTeX\tex/latex/graphics\trig.sty
Package: trig 2023/12/02 v1.11 sin cos tan (DPC)
) (C:\Users\akadoblee\AppData\Local\Programs\MiKTeX\tex/latex/graphics-cfg\graphics.cfg
File: graphics.cfg 2016/06/04 v1.11 sample graphics configuration
)
Package graphics Info: Driver file: pdftex.def on input line 106.
 (C:\Users\akadoblee\AppData\Local\Programs\MiKTeX\tex/latex/graphics-def\pdftex.def
File: pdftex.def 2024/04/13 v1.2c Graphics/color driver for pdftex
))
\Gin@req@height=\dimen165
\Gin@req@width=\dimen166
) (C:\Users\akadoblee\AppData\Local\Programs\MiKTeX\tex/latex/setspace\setspace.sty
Package: setspace 2022/12/04 v6.7b set line spacing
) (C:\Users\akadoblee\AppData\Local\Programs\MiKTeX\tex/latex/ragged2e\ragged2e.sty
Package: ragged2e 2023/06/22 v3.6 ragged2e Package
\CenteringLeftskip=\skip53
\RaggedLeftLeftskip=\skip54
\RaggedRightLeftskip=\skip55
\CenteringRightskip=\skip56
\RaggedLeftRightskip=\skip57
\RaggedRightRightskip=\skip58
\CenteringParfillskip=\skip59
\RaggedLeftParfillskip=\skip60
\RaggedRightParfillskip=\skip61
\JustifyingParfillskip=\skip62
\CenteringParindent=\skip63
\RaggedLeftParindent=\skip64
\RaggedRightParindent=\skip65
\JustifyingParindent=\skip66
) (C:\Users\akadoblee\AppData\Local\Programs\MiKTeX\tex/latex/base\fontenc.sty
Package: fontenc 2024/12/21 v2.1c Standard LaTeX package
) (C:\Users\akadoblee\AppData\Local\Programs\MiKTeX\tex/latex/librefranklin\librefranklin.sty
Package: librefranklin 2022/09/19 (Bob Tennent) Supports LibreFranklin fonts for all LaTeX engines.
 (C:\Users\akadoblee\AppData\Local\Programs\MiKTeX\tex/generic/iftex\ifxetex.sty
Package: ifxetex 2019/10/25 v0.7 ifxetex legacy package. Use iftex instead.
) (C:\Users\akadoblee\AppData\Local\Programs\MiKTeX\tex/generic/iftex\ifluatex.sty
Package: ifluatex 2019/10/25 v1.5 ifluatex legacy package. Use iftex instead.
) (C:\Users\akadoblee\AppData\Local\Programs\MiKTeX\tex/latex/xkeyval\xkeyval.sty
Package: xkeyval 2022/06/16 v2.9 package option processing (HA)
 (C:\Users\akadoblee\AppData\Local\Programs\MiKTeX\tex/generic/xkeyval\xkeyval.tex (C:\Users\akadoblee\AppData\Local\Programs\MiKTeX\tex/generic/xkeyval\xkvutils.tex
\XKV@toks=\toks22
\XKV@tempa@toks=\toks23
)
\XKV@depth=\count293
File: xkeyval.tex 2014/12/03 v2.7a key=value parser (HA)
)) (C:\Users\akadoblee\AppData\Local\Programs\MiKTeX\tex/latex/base\textcomp.sty
Package: textcomp 2024/04/24 v2.1b Standard LaTeX package
) (C:\Users\akadoblee\AppData\Local\Programs\MiKTeX\tex/latex/base\fontenc.sty
Package: fontenc 2024/12/21 v2.1c Standard LaTeX package
) (C:\Users\akadoblee\AppData\Local\Programs\MiKTeX\tex/latex/fontaxes\fontaxes.sty
Package: fontaxes 2025-05-24 v2.0.1 Font selection axes (deprecated)
 (C:\Users\akadoblee\AppData\Local\Programs\MiKTeX\tex/latex/figureversions\figureversions.sty
Package: figureversions 2025-04-29 v1.0.1 Figure versions
)))
LaTeX Font Info:    Trying to load font information for T1+LibreFranklin-TLF on input line 17.
 (C:\Users\akadoblee\AppData\Local\Programs\MiKTeX\tex/latex/librefranklin\t1librefranklin-tlf.fd
File: T1LibreFranklin-TLF.fd 2019/10/23 (autoinst) Font definitions for T1/LibreFranklin-TLF.
)
LaTeX Font Info:    Font shape `T1/LibreFranklin-TLF/m/n' in size <12> not available
(Font)              Font shape `T1/LibreFranklin-TLF/regular/n' tried instead on input line 17.
LaTeX Font Info:    Font shape `T1/LibreFranklin-TLF/regular/n' will be
(Font)              scaled to size 12.0pt on input line 17.
 (C:\Users\akadoblee\AppData\Local\Programs\MiKTeX\tex/latex/l3backend\l3backend-pdftex.def
File: l3backend-pdftex.def 2025-06-09 L3 backend support: PDF output (pdfTeX)
\l__color_backend_stack_int=\count294
) (PR√ÅCTICA 4 - ADRIANO.aux
LaTeX Info: Redefining \. on input line 8.
LaTeX Info: Redefining \% on input line 8.
Package babel Info: 'spanish' activates 'spanish' shorthands.
(babel)             Reported on input line 8.
)
\openout1 = `"PR√ÅCTICA 4 - ADRIANO.aux"'.

LaTeX Font Info:    Checking defaults for OML/cmm/m/it on input line 17.
LaTeX Font Info:    ... okay on input line 17.
LaTeX Font Info:    Checking defaults for OMS/cmsy/m/n on input line 17.
LaTeX Font Info:    ... okay on input line 17.
LaTeX Font Info:    Checking defaults for OT1/cmr/m/n on input line 17.
LaTeX Font Info:    ... okay on input line 17.
LaTeX Font Info:    Checking defaults for T1/cmr/m/n on input line 17.
LaTeX Font Info:    ... okay on input line 17.
LaTeX Font Info:    Checking defaults for TS1/cmr/m/n on input line 17.
LaTeX Font Info:    ... okay on input line 17.
LaTeX Font Info:    Checking defaults for OMX/cmex/m/n on input line 17.
LaTeX Font Info:    ... okay on input line 17.
LaTeX Font Info:    Checking defaults for U/cmr/m/n on input line 17.
LaTeX Font Info:    ... okay on input line 17.
LaTeX Info: Redefining \. on input line 17.
LaTeX Info: Redefining \% on input line 17.

*geometry* driver: auto-detecting
*geometry* detected driver: pdftex
*geometry* verbose mode - [ preamble ] result:
* driver: pdftex
* paper: letterpaper
* layout: <same size as paper>
* layoutoffset:(h,v)=(0.0pt,0.0pt)
* modes: 
* h-part:(L,W,R)=(85.35826pt, 443.57848pt, 85.35826pt)
* v-part:(T,H,B)=(56.9055pt, 681.15898pt, 56.9055pt)
* \paperwidth=614.295pt
* \paperheight=794.96999pt
* \textwidth=443.57848pt
* \textheight=681.15898pt
* \oddsidemargin=13.08827pt
* \evensidemargin=13.08827pt
* \topmargin=-52.36449pt
* \headheight=12.0pt
* \headsep=25.0pt
* \topskip=12.0pt
* \footskip=30.0pt
* \marginparwidth=49.79231pt
* \marginparsep=10.0pt
* \columnsep=10.0pt
* \skip\footins=10.8pt plus 4.0pt minus 2.0pt
* \hoffset=0.0pt
* \voffset=0.0pt
* \mag=1000
* \@twocolumnfalse
* \@twosidefalse
* \@mparswitchfalse
* \@reversemarginfalse
* (1in=72.27pt=25.4mm, 1cm=28.453pt)

(C:\Users\akadoblee\AppData\Local\Programs\MiKTeX\tex/context/base/mkii\supp-pdf.mkii
[Loading MPS to PDF converter (version 2006.09.02).]
\scratchcounter=\count295
\scratchdimen=\dimen167
\scratchbox=\box56
\nofMPsegments=\count296
\nofMParguments=\count297
\everyMPshowfont=\toks24
\MPscratchCnt=\count298
\MPscratchDim=\dimen168
\MPnumerator=\count299
\makeMPintoPDFobject=\count300
\everyMPtoPDFconversion=\toks25
) (C:\Users\akadoblee\AppData\Local\Programs\MiKTeX\tex/latex/epstopdf-pkg\epstopdf-base.sty
Package: epstopdf-base 2020-01-24 v2.11 Base part for package epstopdf
Package epstopdf-base Info: Redefining graphics rule for `.eps' on input line 485.
 (C:\Users\akadoblee\AppData\Local\Programs\MiKTeX\tex/latex/00miktex\epstopdf-sys.cfg
File: epstopdf-sys.cfg 2021/03/18 v2.0 Configuration of epstopdf for MiKTeX
))
\c@mv@tabular=\count301
\c@mv@boldtabular=\count302
LaTeX Font Info:    Font shape `T1/LibreFranklin-TLF/m/n' in size <24.88> not available
(Font)              Font shape `T1/LibreFranklin-TLF/regular/n' tried instead on input line 23.
LaTeX Font Info:    Font shape `T1/LibreFranklin-TLF/regular/n' will be
(Font)              scaled to size 24.88pt on input line 23.
LaTeX Font Info:    Font shape `T1/LibreFranklin-TLF/b/n' in size <24.88> not available
(Font)              Font shape `T1/LibreFranklin-TLF/bold/n' tried instead on input line 24.
LaTeX Font Info:    Font shape `T1/LibreFranklin-TLF/bold/n' will be
(Font)              scaled to size 24.88pt on input line 24.
LaTeX Font Info:    Font shape `T1/LibreFranklin-TLF/m/n' in size <17.28> not available
(Font)              Font shape `T1/LibreFranklin-TLF/regular/n' tried instead on input line 27.
LaTeX Font Info:    Font shape `T1/LibreFranklin-TLF/regular/n' will be
(Font)              scaled to size 17.28pt on input line 27.
LaTeX Font Info:    Font shape `T1/LibreFranklin-TLF/b/n' in size <17.28> not available
(Font)              Font shape `T1/LibreFranklin-TLF/bold/n' tried instead on input line 31.
LaTeX Font Info:    Font shape `T1/LibreFranklin-TLF/bold/n' will be
(Font)              scaled to size 17.28pt on input line 31.
LaTeX Font Info:    Trying to load font information for TS1+LibreFranklin-TLF on input line 38.
 (C:\Users\akadoblee\AppData\Local\Programs\MiKTeX\tex/latex/librefranklin\ts1librefranklin-tlf.fd
File: TS1LibreFranklin-TLF.fd 2019/10/23 (autoinst) Font definitions for TS1/LibreFranklin-TLF.
)
LaTeX Font Info:    Font shape `TS1/LibreFranklin-TLF/m/n' in size <12> not available
(Font)              Font shape `TS1/LibreFranklin-TLF/regular/n' tried instead on input line 38.
LaTeX Font Info:    Font shape `TS1/LibreFranklin-TLF/regular/n' will be
(Font)              scaled to size 12.0pt on input line 38.


[1

{C:/Users/akadoblee/AppData/Local/MiKTeX/fonts/map/pdftex/pdftex.map}{C:/Users/akadoblee/AppData/Local/Programs/MiKTeX/fonts/enc/dvips/librefranklin/lbfr_tf5jo5.enc}{C:/Users/akadoblee/AppData/Local/Programs/MiKTeX/fonts/enc/dvips/librefranklin/lbfr_nb4g6w.enc}] (PR√ÅCTICA 4 - ADRIANO.toc
LaTeX Info: Redefining \. on input line 1.
LaTeX Info: Redefining \% on input line 1.
LaTeX Font Info:    Font shape `T1/LibreFranklin-TLF/b/n' in size <12> not available
(Font)              Font shape `T1/LibreFranklin-TLF/bold/n' tried instead on input line 2.
LaTeX Font Info:    Font shape `T1/LibreFranklin-TLF/bold/n' will be
(Font)              scaled to size 12.0pt on input line 2.
LaTeX Font Info:    External font `cmex10' loaded for size
(Font)              <12> on input line 5.
LaTeX Font Info:    External font `cmex10' loaded for size
(Font)              <8> on input line 5.
LaTeX Font Info:    External font `cmex10' loaded for size
(Font)              <6> on input line 5.
)
\tf@toc=\write4
\openout4 = `"PR√ÅCTICA 4 - ADRIANO.toc"'.



[1]
Underfull \hbox (badness 10000) in paragraph at lines 57--58

 []

<images/1.png, id=11, 600.74437pt x 113.67468pt>
File: images/1.png Graphic file (type png)
<use images/1.png>
Package pdftex.def Info: images/1.png  used on input line 65.
(pdftex.def)             Requested size: 426.79134pt x 80.76161pt.
LaTeX Font Info:    Font shape `T1/LibreFranklin-TLF/m/n' in size <14.4> not available
(Font)              Font shape `T1/LibreFranklin-TLF/regular/n' tried instead on input line 72.
LaTeX Font Info:    Font shape `T1/LibreFranklin-TLF/regular/n' will be
(Font)              scaled to size 14.4pt on input line 72.
LaTeX Font Info:    Font shape `T1/LibreFranklin-TLF/b/n' in size <14.4> not available
(Font)              Font shape `T1/LibreFranklin-TLF/bold/n' tried instead on input line 72.
LaTeX Font Info:    Font shape `T1/LibreFranklin-TLF/bold/n' will be
(Font)              scaled to size 14.4pt on input line 72.


[2 <./images/1.png>]
Overfull \hbox (11.3541pt too wide) in paragraph at lines 94--95
[]\T1/LibreFranklin-TLF/bold/n/12 urgente\T1/LibreFranklin-TLF/regular/n/12 : Atri-bu-to compu-tado que de-fi-ne si la ta-rea es ur-gen-te o no \T1/cmtt/m/n/12 (Booleano)\T1/LibreFranklin-TLF/regular/n/12 . 
 []

<images/2.png, id=18, 807.7678pt x 374.90062pt>
File: images/2.png Graphic file (type png)
<use images/2.png>
Package pdftex.def Info: images/2.png  used on input line 103.
(pdftex.def)             Requested size: 426.79134pt x 198.08429pt.


[3 <./images/2.png>]
Overfull \hbox (3.53635pt too wide) in paragraph at lines 121--122
[]\T1/LibreFranklin-TLF/bold/n/12 view_mode\T1/LibreFranklin-TLF/regular/n/12 : Ti-po de vis-tas que se mos-tra-r·n: list \T1/cmtt/m/n/12 (tabla)\T1/LibreFranklin-TLF/regular/n/12 , form \T1/cmtt/m/n/12 (formulario)\T1/LibreFranklin-TLF/regular/n/12 ,
 []

<images/3.png, id=23, 716.6775pt x 187.45032pt>
File: images/3.png Graphic file (type png)
<use images/3.png>
Package pdftex.def Info: images/3.png  used on input line 128.
(pdftex.def)             Requested size: 426.79134pt x 111.63013pt.


[4 <./images/3.png>]
<images/4.png, id=28, 877.77937pt x 146.79843pt>
File: images/4.png Graphic file (type png)
<use images/4.png>
Package pdftex.def Info: images/4.png  used on input line 151.
(pdftex.def)             Requested size: 426.79134pt x 71.37634pt.


[5 <./images/4.png>]
Overfull \hbox (11.3541pt too wide) in paragraph at lines 179--180
[]\T1/LibreFranklin-TLF/bold/n/12 urgente\T1/LibreFranklin-TLF/regular/n/12 : Atri-bu-to compu-tado que de-fi-ne si la ta-rea es ur-gen-te o no \T1/cmtt/m/n/12 (Booleano)\T1/LibreFranklin-TLF/regular/n/12 . 
 []

<images/5.png, id=33, 445.665pt x 389.20406pt>
File: images/5.png Graphic file (type png)
<use images/5.png>
Package pdftex.def Info: images/5.png  used on input line 190.
(pdftex.def)             Requested size: 426.79134pt x 372.72302pt.


[6 <./images/5.png>]
Overfull \hbox (11.3541pt too wide) in paragraph at lines 222--223
[]\T1/LibreFranklin-TLF/bold/n/12 urgente\T1/LibreFranklin-TLF/regular/n/12 : Atri-bu-to compu-tado que de-fi-ne si la ta-rea es ur-gen-te o no \T1/cmtt/m/n/12 (Booleano)\T1/LibreFranklin-TLF/regular/n/12 . 
 []



[7]
<images/6.png, id=42, 563.10374pt x 603.0028pt>
File: images/6.png Graphic file (type png)
<use images/6.png>
Package pdftex.def Info: images/6.png  used on input line 234.
(pdftex.def)             Requested size: 426.79134pt x 457.03554pt.


[8 <./images/6.png>]

[9]
<images/7.png, id=50, 639.89063pt x 345.54094pt>
File: images/7.png Graphic file (type png)
<use images/7.png>
Package pdftex.def Info: images/7.png  used on input line 284.
(pdftex.def)             Requested size: 426.79134pt x 230.46725pt.


[10 <./images/7.png>]
<images/8.png, id=55, 435.87843pt x 278.54062pt>
File: images/8.png Graphic file (type png)
<use images/8.png>
Package pdftex.def Info: images/8.png  used on input line 318.
(pdftex.def)             Requested size: 426.79134pt x 272.73418pt.


[11 <./images/8.png>]
<images/9.png, id=60, 301.125pt x 641.39626pt>
File: images/9.png Graphic file (type png)
<use images/9.png>
Package pdftex.def Info: images/9.png  used on input line 330.
(pdftex.def)             Requested size: 241.84842pt x 515.15337pt.


[12 <./images/9.png>]
<images/10.png, id=66, 617.30624pt x 389.95688pt>
File: images/10.png Graphic file (type png)
<use images/10.png>
Package pdftex.def Info: images/10.png  used on input line 359.
(pdftex.def)             Requested size: 426.79134pt x 269.612pt.


[13 <./images/10.png>]
Underfull \hbox (badness 10000) in paragraph at lines 368--369

 []

<images/11.png, id=71, 808.52063pt x 30.1125pt>
File: images/11.png Graphic file (type png)
<use images/11.png>
Package pdftex.def Info: images/11.png  used on input line 376.
(pdftex.def)             Requested size: 426.79134pt x 15.89566pt.
<images/12.png, id=72, 702.37407pt x 184.43906pt>
File: images/12.png Graphic file (type png)
<use images/12.png>
Package pdftex.def Info: images/12.png  used on input line 386.
(pdftex.def)             Requested size: 426.79134pt x 112.07706pt.
<images/13.png, id=73, 1147.28625pt x 308.65312pt>
File: images/13.png Graphic file (type png)
<use images/13.png>
Package pdftex.def Info: images/13.png  used on input line 396.
(pdftex.def)             Requested size: 426.79134pt x 114.81682pt.


[14 <./images/11.png> <./images/12.png> <./images/13.png>]
<images/14.png, id=80, 575.14874pt x 235.63031pt>
File: images/14.png Graphic file (type png)
<use images/14.png>
Package pdftex.def Info: images/14.png  used on input line 408.
(pdftex.def)             Requested size: 426.79134pt x 174.85626pt.
<images/15.png, id=81, 870.25125pt x 154.32657pt>
File: images/15.png Graphic file (type png)
<use images/15.png>
Package pdftex.def Info: images/15.png  used on input line 418.
(pdftex.def)             Requested size: 426.79134pt x 75.6866pt.
<images/16.png, id=82, 1444.64719pt x 583.42969pt>
File: images/16.png Graphic file (type png)
<use images/16.png>
Package pdftex.def Info: images/16.png  used on input line 428.
(pdftex.def)             Requested size: 426.79134pt x 172.35953pt.


[15 <./images/14.png> <./images/15.png> <./images/16.png>]
Overfull \hbox (0.91223pt too wide) in paragraph at lines 439--440
\T1/cmtt/m/n/12 Directorio EJ03-ComicsSimple del repositorio clonado previamente \T1/LibreFranklin-TLF/regular/n/12 pa-ra que
 []

<images/71.png, id=89, 590.205pt x 302.63063pt>
File: images/71.png Graphic file (type png)
<use images/71.png>
Package pdftex.def Info: images/71.png  used on input line 465.
(pdftex.def)             Requested size: 341.43306pt x 175.07333pt.


[16 <./images/71.png>]
<images/72.png, id=94, 767.11594pt x 544.28343pt>
File: images/72.png Graphic file (type png)
<use images/72.png>
Package pdftex.def Info: images/72.png  used on input line 495.
(pdftex.def)             Requested size: 341.43306pt x 242.25934pt.


[17 <./images/72.png>]

[18]
<images/73.png, id=103, 751.30687pt x 654.19406pt>
File: images/73.png Graphic file (type png)
<use images/73.png>
Package pdftex.def Info: images/73.png  used on input line 528.
(pdftex.def)             Requested size: 341.43306pt x 297.29941pt.


[19 <./images/73.png>]

[20]
Underfull \hbox (badness 10000) in paragraph at lines 567--568

 []

<images/74.png, id=111, 968.86969pt x 39.89906pt>
File: images/74.png Graphic file (type png)
<use images/74.png>
Package pdftex.def Info: images/74.png  used on input line 575.
(pdftex.def)             Requested size: 426.79134pt x 17.57571pt.
<images/75.png, id=112, 634.62094pt x 191.21437pt>
File: images/75.png Graphic file (type png)
<use images/75.png>
Package pdftex.def Info: images/75.png  used on input line 585.
(pdftex.def)             Requested size: 426.79134pt x 128.59729pt.
<images/76.png, id=113, 1443.14156pt x 336.50719pt>
File: images/76.png Graphic file (type png)
<use images/76.png>
Package pdftex.def Info: images/76.png  used on input line 595.
(pdftex.def)             Requested size: 426.79134pt x 99.51521pt.


[21 <./images/74.png> <./images/75.png> <./images/76.png>]
<images/77.png, id=120, 372.64218pt x 157.33781pt>
File: images/77.png Graphic file (type png)
<use images/77.png>
Package pdftex.def Info: images/77.png  used on input line 607.
(pdftex.def)             Requested size: 284.52756pt x 120.13734pt.
<images/78.png, id=121, 388.45125pt x 188.95593pt>
File: images/78.png Graphic file (type png)
<use images/78.png>
Package pdftex.def Info: images/78.png  used on input line 617.
(pdftex.def)             Requested size: 284.52756pt x 138.40663pt.
<images/79.png, id=122, 354.57469pt x 143.03438pt>
File: images/79.png Graphic file (type png)
<use images/79.png>
Package pdftex.def Info: images/79.png  used on input line 627.
(pdftex.def)             Requested size: 284.52756pt x 114.7812pt.


[22 <./images/77.png> <./images/78.png> <./images/79.png>]
<images/80.png, id=129, 321.45094pt x 216.81pt>
File: images/80.png Graphic file (type png)
<use images/80.png>
Package pdftex.def Info: images/80.png  used on input line 639.
(pdftex.def)             Requested size: 284.52756pt x 191.91156pt.
<images/81.png, id=130, 456.20438pt x 152.82094pt>
File: images/81.png Graphic file (type png)
<use images/81.png>
Package pdftex.def Info: images/81.png  used on input line 649.
(pdftex.def)             Requested size: 284.52756pt x 95.31462pt.


[23 <./images/80.png> <./images/81.png>]
Underfull \hbox (badness 10000) in paragraph at lines 666--667

 []

<images/17.png, id=136, 718.93594pt x 15.80907pt>
File: images/17.png Graphic file (type png)
<use images/17.png>
Package pdftex.def Info: images/17.png  used on input line 674.
(pdftex.def)             Requested size: 426.79134pt x 9.38515pt.

Underfull \hbox (badness 10000) in paragraph at lines 679--680

 []

<images/18.png, id=137, 993.7125pt x 30.86531pt>
File: images/18.png Graphic file (type png)
<use images/18.png>
Package pdftex.def Info: images/18.png  used on input line 687.
(pdftex.def)             Requested size: 426.79134pt x 13.25627pt.


[24 <./images/17.png> <./images/18.png>]
<images/21.png, id=144, 785.93625pt x 255.95625pt>
File: images/21.png Graphic file (type png)
<use images/21.png>
Package pdftex.def Info: images/21.png  used on input line 717.
(pdftex.def)             Requested size: 455.24408pt x 148.26334pt.

Overfull \hbox (11.6656pt too wide) in paragraph at lines 717--718
 [][] 
 []



[25 <./images/21.png>]
<images/22.png, id=149, 777.65532pt x 250.68657pt>
File: images/22.png Graphic file (type png)
<use images/22.png>
Package pdftex.def Info: images/22.png  used on input line 744.
(pdftex.def)             Requested size: 455.24408pt x 146.75623pt.

Overfull \hbox (11.6656pt too wide) in paragraph at lines 744--745
 [][] 
 []



[26 <./images/22.png>]
<images/23.png, id=154, 775.39688pt x 287.57437pt>
File: images/23.png Graphic file (type png)
<use images/23.png>
Package pdftex.def Info: images/23.png  used on input line 772.
(pdftex.def)             Requested size: 455.24408pt x 168.83807pt.

Overfull \hbox (11.6656pt too wide) in paragraph at lines 772--773
 [][] 
 []


Overfull \hbox (35.26553pt too wide) in paragraph at lines 782--783
[]\T1/LibreFranklin-TLF/regular/n/12 El pri-mer pa-so se-ra de-fi-nir la ac-ciÛn prin-ci-pal que se-r· abrir el mo-de-lo \T1/cmtt/m/n/12 hospital.paciente
 []


Overfull \hbox (3.50035pt too wide) in paragraph at lines 788--789
[]\T1/LibreFranklin-TLF/bold/n/12 view_mode\T1/LibreFranklin-TLF/regular/n/12 : Ti-po de vis-tas que se mos-tra-r·n: list \T1/cmtt/m/n/12 (tabla)\T1/LibreFranklin-TLF/regular/n/12 , form \T1/cmtt/m/n/12 (formulario)\T1/LibreFranklin-TLF/regular/n/12 . 
 []

<images/24.png, id=155, 495.35063pt x 161.85469pt>
File: images/24.png Graphic file (type png)
<use images/24.png>
Package pdftex.def Info: images/24.png  used on input line 795.
(pdftex.def)             Requested size: 455.24408pt x 148.75005pt.

Overfull \hbox (11.6656pt too wide) in paragraph at lines 795--796
 [][] 
 []



[27 <./images/23.png> <./images/24.png>]
<images/25.png, id=161, 484.81125pt x 287.57437pt>
File: images/25.png Graphic file (type png)
<use images/25.png>
Package pdftex.def Info: images/25.png  used on input line 828.
(pdftex.def)             Requested size: 455.24408pt x 270.04788pt.

Overfull \hbox (11.6656pt too wide) in paragraph at lines 828--829
 [][] 
 []



[28 <./images/25.png>]
<images/26.png, id=166, 680.5425pt x 478.03593pt>
File: images/26.png Graphic file (type png)
<use images/26.png>
Package pdftex.def Info: images/26.png  used on input line 861.
(pdftex.def)             Requested size: 455.24408pt x 319.7791pt.

Overfull \hbox (11.6656pt too wide) in paragraph at lines 861--862
 [][] 
 []


Overfull \hbox (22.91855pt too wide) in paragraph at lines 868--869
[]\T1/LibreFranklin-TLF/regular/n/12 El pri-mer pa-so se-ra de-fi-nir la ac-ciÛn prin-ci-pal que se-r· abrir el mo-de-lo \T1/cmtt/m/n/12 hospital.medico
 []



[29 <./images/26.png>]
Overfull \hbox (3.50035pt too wide) in paragraph at lines 874--875
[]\T1/LibreFranklin-TLF/bold/n/12 view_mode\T1/LibreFranklin-TLF/regular/n/12 : Ti-po de vis-tas que se mos-tra-r·n: list \T1/cmtt/m/n/12 (tabla)\T1/LibreFranklin-TLF/regular/n/12 , form \T1/cmtt/m/n/12 (formulario)\T1/LibreFranklin-TLF/regular/n/12 . 
 []

<images/27.png, id=171, 398.99063pt x 157.33781pt>
File: images/27.png Graphic file (type png)
<use images/27.png>
Package pdftex.def Info: images/27.png  used on input line 881.
(pdftex.def)             Requested size: 369.88582pt x 145.86649pt.


[30 <./images/27.png>]
<images/28.png, id=177, 539.01375pt x 288.3272pt>
File: images/28.png Graphic file (type png)
<use images/28.png>
Package pdftex.def Info: images/28.png  used on input line 914.
(pdftex.def)             Requested size: 455.24408pt x 243.52184pt.

Overfull \hbox (11.6656pt too wide) in paragraph at lines 914--915
 [][] 
 []



[31 <./images/28.png>]
<images/29.png, id=182, 502.12593pt x 444.91219pt>
File: images/29.png Graphic file (type png)
<use images/29.png>
Package pdftex.def Info: images/29.png  used on input line 947.
(pdftex.def)             Requested size: 455.24408pt x 403.39075pt.

Overfull \hbox (11.6656pt too wide) in paragraph at lines 947--948
 [][] 
 []



[32 <./images/29.png>]
Overfull \hbox (35.26553pt too wide) in paragraph at lines 956--957
[]\T1/LibreFranklin-TLF/regular/n/12 El pri-mer pa-so se-ra de-fi-nir la ac-ciÛn prin-ci-pal que se-r· abrir el mo-de-lo \T1/cmtt/m/n/12 hospital.consulta
 []


Overfull \hbox (3.50035pt too wide) in paragraph at lines 962--963
[]\T1/LibreFranklin-TLF/bold/n/12 view_mode\T1/LibreFranklin-TLF/regular/n/12 : Ti-po de vis-tas que se mos-tra-r·n: list \T1/cmtt/m/n/12 (tabla)\T1/LibreFranklin-TLF/regular/n/12 , form \T1/cmtt/m/n/12 (formulario)\T1/LibreFranklin-TLF/regular/n/12 . 
 []

<images/30.png, id=187, 495.35063pt x 158.09062pt>
File: images/30.png Graphic file (type png)
<use images/30.png>
Package pdftex.def Info: images/30.png  used on input line 969.
(pdftex.def)             Requested size: 369.88582pt x 118.04903pt.


[33 <./images/30.png>]
<images/31.png, id=192, 560.8453pt x 312.41719pt>
File: images/31.png Graphic file (type png)
<use images/31.png>
Package pdftex.def Info: images/31.png  used on input line 1004.
(pdftex.def)             Requested size: 455.24408pt x 253.59044pt.

Overfull \hbox (11.6656pt too wide) in paragraph at lines 1004--1005
 [][] 
 []



[34 <./images/31.png>]
<images/32.png, id=197, 674.52pt x 162.6075pt>
File: images/32.png Graphic file (type png)
<use images/32.png>
Package pdftex.def Info: images/32.png  used on input line 1033.
(pdftex.def)             Requested size: 426.79134pt x 102.88988pt.
<images/33.png, id=198, 232.61906pt x 82.05656pt>
File: images/33.png Graphic file (type png)
<use images/33.png>
Package pdftex.def Info: images/33.png  used on input line 1046.
(pdftex.def)             Requested size: 199.16928pt x 70.25925pt.


[35 <./images/32.png> <./images/33.png>]
<images/34.png, id=204, 346.29375pt x 229.60782pt>
File: images/34.png Graphic file (type png)
<use images/34.png>
Package pdftex.def Info: images/34.png  used on input line 1058.
(pdftex.def)             Requested size: 426.79134pt x 282.99051pt.

Underfull \hbox (badness 10000) in paragraph at lines 1091--1092

 []

<images/53.png, id=205, 983.92593pt x 39.14626pt>
File: images/53.png Graphic file (type png)
<use images/53.png>
Package pdftex.def Info: images/53.png  used on input line 1099.
(pdftex.def)             Requested size: 426.79134pt x 16.98009pt.


[36 <./images/34.png> <./images/53.png>]
<images/54.png, id=212, 673.01437pt x 193.47281pt>
File: images/54.png Graphic file (type png)
<use images/54.png>
Package pdftex.def Info: images/54.png  used on input line 1111.
(pdftex.def)             Requested size: 426.79134pt x 122.6915pt.
<images/55.png, id=213, 595.47469pt x 213.04594pt>
File: images/55.png Graphic file (type png)
<use images/55.png>
Package pdftex.def Info: images/55.png  used on input line 1121.
(pdftex.def)             Requested size: 426.79134pt x 152.69402pt.
<images/56.png, id=214, 1011.78pt x 236.38312pt>
File: images/56.png Graphic file (type png)
<use images/56.png>
Package pdftex.def Info: images/56.png  used on input line 1131.
(pdftex.def)             Requested size: 426.79134pt x 99.71306pt.


[37 <./images/54.png> <./images/55.png> <./images/56.png>]
<images/57.png, id=221, 583.42969pt x 202.50656pt>
File: images/57.png Graphic file (type png)
<use images/57.png>
Package pdftex.def Info: images/57.png  used on input line 1143.
(pdftex.def)             Requested size: 426.79134pt x 148.14063pt.
<images/58.png, id=222, 984.67876pt x 237.13594pt>
File: images/58.png Graphic file (type png)
<use images/58.png>
Package pdftex.def Info: images/58.png  used on input line 1153.
(pdftex.def)             Requested size: 426.79134pt x 102.78421pt.


[38 <./images/57.png> <./images/58.png>]
<images/59.png, id=228, 582.67688pt x 292.09125pt>
File: images/59.png Graphic file (type png)
<use images/59.png>
Package pdftex.def Info: images/59.png  used on input line 1165.
(pdftex.def)             Requested size: 426.79134pt x 213.95131pt.
<images/60.png, id=229, 752.0597pt x 241.65282pt>
File: images/60.png Graphic file (type png)
<use images/60.png>
Package pdftex.def Info: images/60.png  used on input line 1175.
(pdftex.def)             Requested size: 426.79134pt x 137.13881pt.


[39 <./images/59.png> <./images/60.png>]
Underfull \hbox (badness 10000) in paragraph at lines 1192--1193

 []

<images/19.png, id=235, 764.8575pt x 15.80907pt>
File: images/19.png Graphic file (type png)
<use images/19.png>
Package pdftex.def Info: images/19.png  used on input line 1200.
(pdftex.def)             Requested size: 426.79134pt x 8.8214pt.

Underfull \hbox (badness 10000) in paragraph at lines 1205--1206

 []

<images/20.png, id=236, 1040.38687pt x 24.84282pt>
File: images/20.png Graphic file (type png)
<use images/20.png>
Package pdftex.def Info: images/20.png  used on input line 1213.
(pdftex.def)             Requested size: 426.79134pt x 10.19092pt.


[40 <./images/19.png> <./images/20.png>]
Overfull \hbox (12.50435pt too wide) in paragraph at lines 1233--1234
[]\T1/LibreFranklin-TLF/bold/n/12 modulo_ids\T1/LibreFranklin-TLF/regular/n/12 : Atri-bu-to que de-fi-ne los mÛ-du-los que cur-sa el alumno \T1/cmtt/m/n/12 (Many2many)\T1/LibreFranklin-TLF/regular/n/12 . 
 []

<images/35.png, id=242, 383.93437pt x 234.1247pt>
File: images/35.png Graphic file (type png)
<use images/35.png>
Package pdftex.def Info: images/35.png  used on input line 1243.
(pdftex.def)             Requested size: 341.43306pt x 208.22028pt.


[41 <./images/35.png>]
Overfull \hbox (25.60281pt too wide) in paragraph at lines 1260--1261
[]\T1/LibreFranklin-TLF/bold/n/12 modulo_ids\T1/LibreFranklin-TLF/regular/n/12 : Atri-bu-to que de-fi-ne los mÛ-du-los que im-par-te el pro-fe-sor \T1/cmtt/m/n/12 (One2many)\T1/LibreFranklin-TLF/regular/n/12 . 
 []

<images/36.png, id=247, 394.47375pt x 234.8775pt>
File: images/36.png Graphic file (type png)
<use images/36.png>
Package pdftex.def Info: images/36.png  used on input line 1270.
(pdftex.def)             Requested size: 341.43306pt x 203.29526pt.


[42 <./images/36.png>]
<images/37.png, id=253, 377.91188pt x 228.855pt>
File: images/37.png Graphic file (type png)
<use images/37.png>
Package pdftex.def Info: images/37.png  used on input line 1297.
(pdftex.def)             Requested size: 341.43306pt x 206.76376pt.


[43 <./images/37.png>]
Overfull \hbox (9.37881pt too wide) in paragraph at lines 1314--1315
[]\T1/LibreFranklin-TLF/bold/n/12 ciclo_ids\T1/LibreFranklin-TLF/regular/n/12 : Atri-bu-to que de-fi-ne los mÛ-du-los que im-par-te el pro-fe-sor \T1/cmtt/m/n/12 (Many2One)\T1/LibreFranklin-TLF/regular/n/12 . 
 []


Overfull \hbox (19.5668pt too wide) in paragraph at lines 1315--1316
[]\T1/LibreFranklin-TLF/bold/n/12 profesor_ids\T1/LibreFranklin-TLF/regular/n/12 : Atri-bu-to que de-fi-ne el pro-fe-sor que im-par-te el mÛ-du-lo \T1/cmtt/m/n/12 (Many2One)\T1/LibreFranklin-TLF/regular/n/12 . 
 []


Overfull \hbox (18.92435pt too wide) in paragraph at lines 1316--1317
[]\T1/LibreFranklin-TLF/bold/n/12 alumno_ids\T1/LibreFranklin-TLF/regular/n/12 : Atri-bu-to que de-fi-ne los alum-nos que cur-san el mÛ-du-lo \T1/cmtt/m/n/12 (Many2many)\T1/LibreFranklin-TLF/regular/n/12 . 
 []

<images/38.png, id=258, 375.65344pt x 301.8778pt>
File: images/38.png Graphic file (type png)
<use images/38.png>
Package pdftex.def Info: images/38.png  used on input line 1326.
(pdftex.def)             Requested size: 341.43306pt x 274.396pt.

Overfull \hbox (10.57156pt too wide) in paragraph at lines 1335--1336
[]\T1/LibreFranklin-TLF/regular/n/12 El pri-mer pa-so se-ra de-fi-nir la ac-ciÛn prin-ci-pal que se-r· abrir el mo-de-lo \T1/cmtt/m/n/12 ciclos.alumno
 []



[44 <./images/38.png>]
Overfull \hbox (3.50035pt too wide) in paragraph at lines 1341--1342
[]\T1/LibreFranklin-TLF/bold/n/12 view_mode\T1/LibreFranklin-TLF/regular/n/12 : Ti-po de vis-tas que se mos-tra-r·n: list \T1/cmtt/m/n/12 (tabla)\T1/LibreFranklin-TLF/regular/n/12 , form \T1/cmtt/m/n/12 (formulario)\T1/LibreFranklin-TLF/regular/n/12 . 
 []

<images/39.png, id=263, 476.53032pt x 158.84344pt>
File: images/39.png Graphic file (type png)
<use images/39.png>
Package pdftex.def Info: images/39.png  used on input line 1348.
(pdftex.def)             Requested size: 369.88582pt x 123.30113pt.


[45 <./images/39.png>]
<images/43.png, id=268, 580.41844pt x 289.08pt>
File: images/43.png Graphic file (type png)
<use images/43.png>
Package pdftex.def Info: images/43.png  used on input line 1381.
(pdftex.def)             Requested size: 369.88582pt x 184.2254pt.


[46 <./images/43.png>]
<images/48.png, id=273, 518.6878pt x 489.32813pt>
File: images/48.png Graphic file (type png)
<use images/48.png>
Package pdftex.def Info: images/48.png  used on input line 1427.
(pdftex.def)             Requested size: 369.88582pt x 348.9635pt.


[47 <./images/48.png>]
Overfull \hbox (22.91855pt too wide) in paragraph at lines 1436--1437
[]\T1/LibreFranklin-TLF/regular/n/12 El pri-mer pa-so se-ra de-fi-nir la ac-ciÛn prin-ci-pal que se-r· abrir el mo-de-lo \T1/cmtt/m/n/12 ciclos.profesor
 []


Overfull \hbox (3.50035pt too wide) in paragraph at lines 1442--1443
[]\T1/LibreFranklin-TLF/bold/n/12 view_mode\T1/LibreFranklin-TLF/regular/n/12 : Ti-po de vis-tas que se mos-tra-r·n: list \T1/cmtt/m/n/12 (tabla)\T1/LibreFranklin-TLF/regular/n/12 , form \T1/cmtt/m/n/12 (formulario)\T1/LibreFranklin-TLF/regular/n/12 . 
 []

<images/40.png, id=278, 484.05844pt x 158.84344pt>
File: images/40.png Graphic file (type png)
<use images/40.png>
Package pdftex.def Info: images/40.png  used on input line 1449.
(pdftex.def)             Requested size: 369.88582pt x 121.38394pt.


[48 <./images/40.png>]
<images/44.png, id=284, 499.8675pt x 289.08pt>
File: images/44.png Graphic file (type png)
<use images/44.png>
Package pdftex.def Info: images/44.png  used on input line 1482.
(pdftex.def)             Requested size: 369.88582pt x 213.91583pt.


[49 <./images/44.png>]
<images/49.png, id=289, 454.69875pt x 491.58656pt>
File: images/49.png Graphic file (type png)
<use images/49.png>
Package pdftex.def Info: images/49.png  used on input line 1527.
(pdftex.def)             Requested size: 369.88582pt x 399.90067pt.


[50 <./images/49.png>]
Overfull \hbox (4.39807pt too wide) in paragraph at lines 1536--1537
[]\T1/LibreFranklin-TLF/regular/n/12 El pri-mer pa-so se-ra de-fi-nir la ac-ciÛn prin-ci-pal que se-r· abrir el mo-de-lo \T1/cmtt/m/n/12 ciclos.ciclo
 []


Overfull \hbox (3.50035pt too wide) in paragraph at lines 1542--1543
[]\T1/LibreFranklin-TLF/bold/n/12 view_mode\T1/LibreFranklin-TLF/regular/n/12 : Ti-po de vis-tas que se mos-tra-r·n: list \T1/cmtt/m/n/12 (tabla)\T1/LibreFranklin-TLF/regular/n/12 , form \T1/cmtt/m/n/12 (formulario)\T1/LibreFranklin-TLF/regular/n/12 . 
 []

<images/41.png, id=294, 468.24937pt x 158.84344pt>
File: images/41.png Graphic file (type png)
<use images/41.png>
Package pdftex.def Info: images/41.png  used on input line 1549.
(pdftex.def)             Requested size: 369.88582pt x 125.48251pt.


[51 <./images/41.png>]
<images/45.png, id=299, 488.57532pt x 288.3272pt>
File: images/45.png Graphic file (type png)
<use images/45.png>
Package pdftex.def Info: images/45.png  used on input line 1582.
(pdftex.def)             Requested size: 369.88582pt x 218.28622pt.


[52 <./images/45.png>]
<images/50.png, id=304, 523.20468pt x 481.8pt>
File: images/50.png Graphic file (type png)
<use images/50.png>
Package pdftex.def Info: images/50.png  used on input line 1628.
(pdftex.def)             Requested size: 369.88582pt x 340.6174pt.


[53 <./images/50.png>]
Overfull \hbox (10.57156pt too wide) in paragraph at lines 1637--1638
[]\T1/LibreFranklin-TLF/regular/n/12 El pri-mer pa-so se-ra de-fi-nir la ac-ciÛn prin-ci-pal que se-r· abrir el mo-de-lo \T1/cmtt/m/n/12 ciclos.modulo
 []


Overfull \hbox (3.50035pt too wide) in paragraph at lines 1643--1644
[]\T1/LibreFranklin-TLF/bold/n/12 view_mode\T1/LibreFranklin-TLF/regular/n/12 : Ti-po de vis-tas que se mos-tra-r·n: list \T1/cmtt/m/n/12 (tabla)\T1/LibreFranklin-TLF/regular/n/12 , form \T1/cmtt/m/n/12 (formulario)\T1/LibreFranklin-TLF/regular/n/12 . 
 []

<images/42.png, id=309, 475.7775pt x 158.09062pt>
File: images/42.png Graphic file (type png)
<use images/42.png>
Package pdftex.def Info: images/42.png  used on input line 1650.
(pdftex.def)             Requested size: 369.88582pt x 122.90974pt.


[54 <./images/42.png>]
<images/46.png, id=315, 609.02531pt x 326.72063pt>
File: images/46.png Graphic file (type png)
<use images/46.png>
Package pdftex.def Info: images/46.png  used on input line 1686.
(pdftex.def)             Requested size: 369.88582pt x 198.43681pt.


[55 <./images/46.png>]
File: images/50.png Graphic file (type png)
<use images/50.png>
Package pdftex.def Info: images/50.png  used on input line 1732.
(pdftex.def)             Requested size: 369.88582pt x 340.6174pt.


[56]
<images/47.png, id=323, 675.27281pt x 197.23688pt>
File: images/47.png Graphic file (type png)
<use images/47.png>
Package pdftex.def Info: images/47.png  used on input line 1761.
(pdftex.def)             Requested size: 426.79134pt x 124.66014pt.


[57 <./images/47.png>]
<images/51.png, id=328, 225.09094pt x 91.09032pt>
File: images/51.png Graphic file (type png)
<use images/51.png>
Package pdftex.def Info: images/51.png  used on input line 1775.
(pdftex.def)             Requested size: 199.16928pt x 80.60448pt.
<images/52.png, id=329, 401.24907pt x 254.45062pt>
File: images/52.png Graphic file (type png)
<use images/52.png>
Package pdftex.def Info: images/52.png  used on input line 1785.
(pdftex.def)             Requested size: 284.52756pt x 180.44377pt.

Underfull \hbox (badness 10000) in paragraph at lines 1792--1793

 []

<images/61.png, id=330, 1029.09468pt x 27.10126pt>
File: images/61.png Graphic file (type png)
<use images/61.png>
Package pdftex.def Info: images/61.png  used on input line 1800.
(pdftex.def)             Requested size: 426.79134pt x 11.23978pt.


[58 <./images/51.png> <./images/52.png> <./images/61.png>]
<images/62.png, id=337, 666.99188pt x 194.97844pt>
File: images/62.png Graphic file (type png)
<use images/62.png>
Package pdftex.def Info: images/62.png  used on input line 1812.
(pdftex.def)             Requested size: 426.79134pt x 124.76494pt.
<images/63.png, id=338, 976.39781pt x 234.1247pt>
File: images/63.png Graphic file (type png)
<use images/63.png>
Package pdftex.def Info: images/63.png  used on input line 1822.
(pdftex.def)             Requested size: 426.79134pt x 102.33641pt.
<images/64.png, id=339, 868.74562pt x 218.31563pt>
File: images/64.png Graphic file (type png)
<use images/64.png>
Package pdftex.def Info: images/64.png  used on input line 1832.
(pdftex.def)             Requested size: 426.79134pt x 107.2554pt.


[59 <./images/62.png> <./images/63.png> <./images/64.png>]
<images/65.png, id=346, 1053.1847pt x 231.11343pt>
File: images/65.png Graphic file (type png)
<use images/65.png>
Package pdftex.def Info: images/65.png  used on input line 1844.
(pdftex.def)             Requested size: 426.79134pt x 93.65685pt.
<images/66.png, id=347, 735.49782pt x 316.93407pt>
File: images/66.png Graphic file (type png)
<use images/66.png>
Package pdftex.def Info: images/66.png  used on input line 1854.
(pdftex.def)             Requested size: 426.79134pt x 183.91376pt.


[60 <./images/65.png> <./images/66.png>]
<images/67.png, id=354, 791.95876pt x 335.00156pt>
File: images/67.png Graphic file (type png)
<use images/67.png>
Package pdftex.def Info: images/67.png  used on input line 1866.
(pdftex.def)             Requested size: 426.79134pt x 180.5352pt.
<images/68.png, id=355, 377.15906pt x 273.27094pt>
File: images/68.png Graphic file (type png)
<use images/68.png>
Package pdftex.def Info: images/68.png  used on input line 1876.
(pdftex.def)             Requested size: 284.52756pt x 206.15358pt.


[61 <./images/67.png> <./images/68.png>]
<images/69.png, id=361, 392.21532pt x 238.64156pt>
File: images/69.png Graphic file (type png)
<use images/69.png>
Package pdftex.def Info: images/69.png  used on input line 1888.
(pdftex.def)             Requested size: 284.52756pt x 173.12903pt.
<images/70.png, id=362, 487.8225pt x 145.29282pt>
File: images/70.png Graphic file (type png)
<use images/70.png>
Package pdftex.def Info: images/70.png  used on input line 1898.
(pdftex.def)             Requested size: 284.52756pt x 84.74431pt.


[62 <./images/69.png> <./images/70.png>] (PR√ÅCTICA 4 - ADRIANO.aux
LaTeX Info: Redefining \. on input line 8.
LaTeX Info: Redefining \% on input line 8.
)
 ***********
LaTeX2e <2025-06-01> patch level 1
L3 programming layer <2025-09-02>
 ***********
 ) 
Here is how much of TeX's memory you used:
 5531 strings out of 468130
 100331 string characters out of 5428697
 497915 words of memory out of 5000000
 34080 multiletter control sequences out of 15000+600000
 685555 words of font info for 68 fonts, out of 8000000 for 9000
 1141 hyphenation exceptions out of 8191
 67i,6n,73p,524b,365s stack positions out of 10000i,1000n,20000p,200000b,200000s
 <C:\Users\akadoblee\AppData\Local\MiKTeX\fonts/pk/ljfour/jknappen/ec/dpi600\ectt1200.pk><C:/Users/akadoblee/AppData/Local/Programs/MiKTeX/fonts/type1/impallari/librefranklin/LibreFranklin-Bold.pfb><C:/Users/akadoblee/AppData/Local/Programs/MiKTeX/fonts/type1/impallari/librefranklin/LibreFranklin-Regular.pfb>
Output written on "PR√ÅCTICA 4 - ADRIANO.pdf" (63 pages, 2105919 bytes).
PDF statistics:
 438 PDF objects out of 1000 (max. 8388607)
 0 named destinations out of 1000 (max. 500000)
 406 words of extra memory for PDF output out of 10000 (max. 10000000)

